<?xml version="1.0" encoding="UTF-8" ?>
<testsuite failures="0" time="3.323" errors="0" skipped="0" tests="18" name="de.d3web.core.records.io.SessionPersistenceTest">
  <properties>
    <property name="java.runtime.name" value="Java(TM) SE Runtime Environment"/>
    <property name="sun.boot.library.path" value="/System/Library/Java/JavaVirtualMachines/1.6.0.jdk/Contents/Libraries"/>
    <property name="java.vm.version" value="17.1-b03-307"/>
    <property name="awt.nativeDoubleBuffering" value="true"/>
    <property name="gopherProxySet" value="false"/>
    <property name="mrj.build" value="10M3261"/>
    <property name="java.vm.vendor" value="Apple Inc."/>
    <property name="java.vendor.url" value="http://www.apple.com/"/>
    <property name="path.separator" value=":"/>
    <property name="java.vm.name" value="Java HotSpot(TM) 64-Bit Server VM"/>
    <property name="file.encoding.pkg" value="sun.io"/>
    <property name="user.country" value="DE"/>
    <property name="sun.java.launcher" value="SUN_STANDARD"/>
    <property name="sun.os.patch.level" value="unknown"/>
    <property name="java.vm.specification.name" value="Java Virtual Machine Specification"/>
    <property name="user.dir" value="/Users/sebastian/Projekte/Java/KnowWE/Research/d3web-Plugin-SessionPersistence-Basic"/>
    <property name="java.runtime.version" value="1.6.0_22-b04-307-10M3261"/>
    <property name="java.awt.graphicsenv" value="apple.awt.CGraphicsEnvironment"/>
    <property name="basedir" value="/Users/sebastian/Projekte/Java/KnowWE/Research/d3web-Plugin-SessionPersistence-Basic"/>
    <property name="java.endorsed.dirs" value="/System/Library/Java/JavaVirtualMachines/1.6.0.jdk/Contents/Home/lib/endorsed"/>
    <property name="os.arch" value="x86_64"/>
    <property name="surefire.real.class.path" value="/var/folders/D4/D4f6O54gGLalUPa4tEhZME+++TI/-Tmp-/surefirebooter8371541396839302783.jar"/>
    <property name="java.io.tmpdir" value="/var/folders/D4/D4f6O54gGLalUPa4tEhZME+++TI/-Tmp-/"/>
    <property name="line.separator" value="
"/>
    <property name="java.vm.specification.vendor" value="Sun Microsystems Inc."/>
    <property name="os.name" value="Mac OS X"/>
    <property name="sun.jnu.encoding" value="MacRoman"/>
    <property name="java.library.path" value=".:/Library/Java/Extensions:/System/Library/Java/Extensions:/usr/lib/java"/>
    <property name="surefire.test.class.path" value="/Users/sebastian/Projekte/Java/KnowWE/Research/d3web-Plugin-SessionPersistence-Basic/target/test-classes:/Users/sebastian/Projekte/Java/KnowWE/Research/d3web-Plugin-SessionPersistence-Basic/target/classes:/Users/sebastian/Projekte/Java/KnowWE/Research/d3web-SessionPersistence/target/classes:/Users/sebastian/Projekte/Java/KnowWE/d3web/d3web-Persistence/target/classes:/Users/sebastian/Projekte/Java/KnowWE/d3web/d3web-Kernel/target/classes:/Users/sebastian/Projekte/Java/KnowWE/d3web/d3web-PluginManager/target/classes:/Users/sebastian/.m2/repository/net/sf/jpf/jpf/1.5/jpf-1.5.jar:/Users/sebastian/.m2/repository/commons-logging/commons-logging/1.0.4/commons-logging-1.0.4.jar:/Users/sebastian/Projekte/Java/KnowWE/d3web/d3web-Plugin-Kernel-ExtensionPoints/target/classes:/Users/sebastian/Projekte/Java/KnowWE/d3web/d3web-Plugin-BasicProperties/target/classes:/Users/sebastian/.m2/repository/xmlunit/xmlunit/1.3/xmlunit-1.3.jar:/Users/sebastian/Projekte/Java/KnowWE/d3web/d3web-Plugin-Persistence-ExtensionPoints/target/classes:/Users/sebastian/Projekte/Java/KnowWE/Research/d3web-Plugin-SessionPersistence-ExtensionPoints/target/classes:/Users/sebastian/Projekte/Java/KnowWE/d3web/d3web-Plugin-Persistence-Basic/target/classes:/Users/sebastian/.m2/repository/junit/junit/4.8.1/junit-4.8.1.jar:"/>
    <property name="java.specification.name" value="Java Platform API Specification"/>
    <property name="java.class.version" value="50.0"/>
    <property name="sun.management.compiler" value="HotSpot 64-Bit Server Compiler"/>
    <property name="os.version" value="10.6.6"/>
    <property name="http.nonProxyHosts" value="local|*.local|169.254/16|*.169.254/16"/>
    <property name="user.home" value="/Users/sebastian"/>
    <property name="user.timezone" value="Europe/Berlin"/>
    <property name="java.awt.printerjob" value="apple.awt.CPrinterJob"/>
    <property name="java.specification.version" value="1.6"/>
    <property name="file.encoding" value="MacRoman"/>
    <property name="user.name" value="sebastian"/>
    <property name="java.class.path" value="/Users/sebastian/Projekte/Java/KnowWE/Research/d3web-Plugin-SessionPersistence-Basic/target/test-classes:/Users/sebastian/Projekte/Java/KnowWE/Research/d3web-Plugin-SessionPersistence-Basic/target/classes:/Users/sebastian/Projekte/Java/KnowWE/Research/d3web-SessionPersistence/target/classes:/Users/sebastian/Projekte/Java/KnowWE/d3web/d3web-Persistence/target/classes:/Users/sebastian/Projekte/Java/KnowWE/d3web/d3web-Kernel/target/classes:/Users/sebastian/Projekte/Java/KnowWE/d3web/d3web-PluginManager/target/classes:/Users/sebastian/.m2/repository/net/sf/jpf/jpf/1.5/jpf-1.5.jar:/Users/sebastian/.m2/repository/commons-logging/commons-logging/1.0.4/commons-logging-1.0.4.jar:/Users/sebastian/Projekte/Java/KnowWE/d3web/d3web-Plugin-Kernel-ExtensionPoints/target/classes:/Users/sebastian/Projekte/Java/KnowWE/d3web/d3web-Plugin-BasicProperties/target/classes:/Users/sebastian/.m2/repository/xmlunit/xmlunit/1.3/xmlunit-1.3.jar:/Users/sebastian/Projekte/Java/KnowWE/d3web/d3web-Plugin-Persistence-ExtensionPoints/target/classes:/Users/sebastian/Projekte/Java/KnowWE/Research/d3web-Plugin-SessionPersistence-ExtensionPoints/target/classes:/Users/sebastian/Projekte/Java/KnowWE/d3web/d3web-Plugin-Persistence-Basic/target/classes:/Users/sebastian/.m2/repository/junit/junit/4.8.1/junit-4.8.1.jar:"/>
    <property name="java.vm.specification.version" value="1.0"/>
    <property name="sun.arch.data.model" value="64"/>
    <property name="java.home" value="/System/Library/Java/JavaVirtualMachines/1.6.0.jdk/Contents/Home"/>
    <property name="java.specification.vendor" value="Sun Microsystems Inc."/>
    <property name="user.language" value="de"/>
    <property name="awt.toolkit" value="apple.awt.CToolkit"/>
    <property name="java.vm.info" value="mixed mode"/>
    <property name="java.version" value="1.6.0_22"/>
    <property name="java.ext.dirs" value="/Library/Java/Extensions:/System/Library/Java/Extensions:/System/Library/Java/JavaVirtualMachines/1.6.0.jdk/Contents/Home/lib/ext"/>
    <property name="sun.boot.class.path" value="/System/Library/Java/JavaVirtualMachines/1.6.0.jdk/Contents/Classes/jsfd.jar:/System/Library/Java/JavaVirtualMachines/1.6.0.jdk/Contents/Classes/classes.jar:/System/Library/Frameworks/JavaVM.framework/Frameworks/JavaRuntimeSupport.framework/Resources/Java/JavaRuntimeSupport.jar:/System/Library/Java/JavaVirtualMachines/1.6.0.jdk/Contents/Classes/ui.jar:/System/Library/Java/JavaVirtualMachines/1.6.0.jdk/Contents/Classes/laf.jar:/System/Library/Java/JavaVirtualMachines/1.6.0.jdk/Contents/Classes/sunrsasign.jar:/System/Library/Java/JavaVirtualMachines/1.6.0.jdk/Contents/Classes/jsse.jar:/System/Library/Java/JavaVirtualMachines/1.6.0.jdk/Contents/Classes/jce.jar:/System/Library/Java/JavaVirtualMachines/1.6.0.jdk/Contents/Classes/charsets.jar"/>
    <property name="java.vendor" value="Apple Inc."/>
    <property name="localRepository" value="/Users/sebastian/.m2/repository"/>
    <property name="file.separator" value="/"/>
    <property name="java.vendor.url.bug" value="http://bugreport.apple.com/"/>
    <property name="sun.cpu.endian" value="little"/>
    <property name="sun.io.unicode.encoding" value="UnicodeLittle"/>
    <property name="mrj.version" value="1060.1.6.0_22-307"/>
    <property name="socksNonProxyHosts" value="local|*.local|169.254/16|*.169.254/16"/>
    <property name="ftp.nonProxyHosts" value="local|*.local|169.254/16|*.169.254/16"/>
    <property name="sun.cpu.isalist" value=""/>
  </properties>
  <testcase time="0.723" classname="de.d3web.core.records.io.SessionPersistenceTest" name="testSingleXMLPersistence"/>
  <testcase time="0.316" classname="de.d3web.core.records.io.SessionPersistenceTest" name="testMultiXMLPersistence"/>
  <testcase time="0.159" classname="de.d3web.core.records.io.SessionPersistenceTest" name="errorHandlingTests"/>
  <testcase time="0.157" classname="de.d3web.core.records.io.SessionPersistenceTest" name="undefinedHandlerTest"/>
  <testcase time="0.216" classname="de.d3web.core.records.io.SessionPersistenceTest" name="testDefaultSessionRepository"/>
  <testcase time="0.106" classname="de.d3web.core.records.io.SessionPersistenceTest" name="addingANullRecord"/>
  <testcase time="0.111" classname="de.d3web.core.records.io.SessionPersistenceTest" name="removingANullRecord"/>
  <testcase time="0.161" classname="de.d3web.core.records.io.SessionPersistenceTest" name="removingANotConatainedRecord"/>
  <testcase time="0.136" classname="de.d3web.core.records.io.SessionPersistenceTest" name="gettingWhiteSpaceID"/>
  <testcase time="0.116" classname="de.d3web.core.records.io.SessionPersistenceTest" name="gettingNullID"/>
  <testcase time="0.177" classname="de.d3web.core.records.io.SessionPersistenceTest" name="testDefaultSessionRecord"/>
  <testcase time="0.111" classname="de.d3web.core.records.io.SessionPersistenceTest" name="missingProblemSolver"/>
  <testcase time="0.062" classname="de.d3web.core.records.io.SessionPersistenceTest" name="globalFacts"/>
  <testcase time="0.054" classname="de.d3web.core.records.io.SessionPersistenceTest" name="noRecordsFolder"/>
  <testcase time="0.188" classname="de.d3web.core.records.io.SessionPersistenceTest" name="fileWithMoreRecords"/>
  <testcase time="0.116" classname="de.d3web.core.records.io.SessionPersistenceTest" name="fileWithNoRecords"/>
  <testcase time="0.158" classname="de.d3web.core.records.io.SessionPersistenceTest" name="testSingleXMLPersistenceFolderCreation"/>
  <testcase time="0.214" classname="de.d3web.core.records.io.SessionPersistenceTest" name="testMultipleXMLPersistenceFolderCreation"/>
</testsuite>